Copyright 1986-2016 Xilinx, Inc. All Rights Reserved.
-------------------------------------------------------------------------------------------------------------------------------
| Tool Version     : Vivado v.2016.2 (win64) Build 1577090 Thu Jun  2 16:32:40 MDT 2016
| Date             : Sat Dec 24 18:18:59 2016
| Host             : LAPTOP-LAS5OT6M running 64-bit major release  (build 9200)
| Command          : report_power -file top_power_routed.rpt -pb top_power_summary_routed.pb -rpx top_power_routed.rpx
| Design           : top
| Device           : xc7z010clg400-1
| Design State     : routed
| Grade            : commercial
| Process          : typical
| Characterization : Production
-------------------------------------------------------------------------------------------------------------------------------

Power Report

Table of Contents
-----------------
1. Summary
1.1 On-Chip Components
1.2 Power Supply Summary
1.3 Confidence Level
2. Settings
2.1 Environment
2.2 Clock Constraints
3. Detailed Reports
3.1 By Hierarchy

1. Summary
----------

+--------------------------+-------+
| Total On-Chip Power (W)  | 0.230 |
| Dynamic (W)              | 0.124 |
| Device Static (W)        | 0.106 |
| Effective TJA (C/W)      | 11.5  |
| Max Ambient (C)          | 82.3  |
| Junction Temperature (C) | 27.7  |
| Confidence Level         | Low   |
| Setting File             | ---   |
| Simulation Activity File | ---   |
| Design Nets Matched      | NA    |
+--------------------------+-------+


1.1 On-Chip Components
----------------------

+----------------+-----------+----------+-----------+-----------------+
| On-Chip        | Power (W) | Used     | Available | Utilization (%) |
+----------------+-----------+----------+-----------+-----------------+
| Clocks         |    <0.001 |        5 |       --- |             --- |
| Slice Logic    |     0.001 |      702 |       --- |             --- |
|   LUT as Logic |     0.001 |      349 |     17600 |            1.98 |
|   Register     |    <0.001 |      183 |     35200 |            0.52 |
|   BUFG         |    <0.001 |        3 |        32 |            9.38 |
|   CARRY4       |    <0.001 |        6 |      4400 |            0.14 |
|   F7/F8 Muxes  |    <0.001 |       18 |     17600 |            0.10 |
|   Others       |     0.000 |       93 |       --- |             --- |
| Signals        |     0.005 |      689 |       --- |             --- |
| Block RAM      |     0.006 |       36 |        60 |           60.00 |
| PLL            |     0.099 |        1 |         2 |           50.00 |
| DSPs           |    <0.001 |        1 |        80 |            1.25 |
| I/O            |     0.011 |       34 |       100 |           34.00 |
| Static Power   |     0.106 |          |           |                 |
| Total          |     0.230 |          |           |                 |
+----------------+-----------+----------+-----------+-----------------+


1.2 Power Supply Summary
------------------------

+-----------+-------------+-----------+-------------+------------+
| Source    | Voltage (V) | Total (A) | Dynamic (A) | Static (A) |
+-----------+-------------+-----------+-------------+------------+
| Vccint    |       1.000 |     0.026 |       0.022 |      0.005 |
| Vccaux    |       1.800 |     0.062 |       0.050 |      0.011 |
| Vcco33    |       3.300 |     0.004 |       0.003 |      0.001 |
| Vcco25    |       2.500 |     0.000 |       0.000 |      0.000 |
| Vcco18    |       1.800 |     0.000 |       0.000 |      0.000 |
| Vcco15    |       1.500 |     0.000 |       0.000 |      0.000 |
| Vcco135   |       1.350 |     0.000 |       0.000 |      0.000 |
| Vcco12    |       1.200 |     0.000 |       0.000 |      0.000 |
| Vccaux_io |       1.800 |     0.000 |       0.000 |      0.000 |
| Vccbram   |       1.000 |     0.002 |       0.001 |      0.002 |
| MGTAVcc   |       1.000 |     0.000 |       0.000 |      0.000 |
| MGTAVtt   |       1.200 |     0.000 |       0.000 |      0.000 |
| MGTVccaux |       1.800 |     0.000 |       0.000 |      0.000 |
| Vccpint   |       1.000 |     0.017 |       0.000 |      0.017 |
| Vccpaux   |       1.800 |     0.010 |       0.000 |      0.010 |
| Vccpll    |       1.800 |     0.003 |       0.000 |      0.003 |
| Vcco_ddr  |       1.500 |     0.000 |       0.000 |      0.000 |
| Vcco_mio0 |       1.800 |     0.000 |       0.000 |      0.000 |
| Vcco_mio1 |       1.800 |     0.000 |       0.000 |      0.000 |
| Vccadc    |       1.800 |     0.020 |       0.000 |      0.020 |
+-----------+-------------+-----------+-------------+------------+


1.3 Confidence Level
--------------------

+-----------------------------+------------+--------------------------------------------------------+--------------------------------------------------------------------------------------------------------------------+
| User Input Data             | Confidence | Details                                                | Action                                                                                                             |
+-----------------------------+------------+--------------------------------------------------------+--------------------------------------------------------------------------------------------------------------------+
| Design implementation state | High       | Design is routed                                       |                                                                                                                    |
| Clock nodes activity        | Low        | User specified less than 75% of clocks                 | Provide missing clock activity with a constraint file, simulation results or by editing the "By Clock Domain" view |
| I/O nodes activity          | Low        | More than 75% of inputs are missing user specification | Provide missing input activity with simulation results or by editing the "By Resource Type -> I/Os" view           |
| Internal nodes activity     | Medium     | User specified less than 25% of internal nodes         | Provide missing internal nodes activity with simulation results or by editing the "By Resource Type" views         |
| Device models               | High       | Device models are Production                           |                                                                                                                    |
|                             |            |                                                        |                                                                                                                    |
| Overall confidence level    | Low        |                                                        |                                                                                                                    |
+-----------------------------+------------+--------------------------------------------------------+--------------------------------------------------------------------------------------------------------------------+


2. Settings
-----------

2.1 Environment
---------------

+-----------------------+------------------------+
| Ambient Temp (C)      | 25.0                   |
| ThetaJA (C/W)         | 11.5                   |
| Airflow (LFM)         | 250                    |
| Heat Sink             | none                   |
| ThetaSA (C/W)         | 0.0                    |
| Board Selection       | medium (10"x10")       |
| # of Board Layers     | 8to11 (8 to 11 Layers) |
| Board Temperature (C) | 25.0                   |
+-----------------------+------------------------+


2.2 Clock Constraints
---------------------

+--------------------+-----------------------------------+-----------------+
| Clock              | Domain                            | Constraint (ns) |
+--------------------+-----------------------------------+-----------------+
| clk_125            | clk_125                           |             8.0 |
| clk_out1_clk_wiz_0 | clk_wiz_0/inst/clk_out1_clk_wiz_0 |            20.0 |
| clkfbout_clk_wiz_0 | clk_wiz_0/inst/clkfbout_clk_wiz_0 |            40.0 |
+--------------------+-----------------------------------+-----------------+


3. Detailed Reports
-------------------

3.1 By Hierarchy
----------------

+------------------------------------------------+-----------+
| Name                                           | Power (W) |
+------------------------------------------------+-----------+
| top                                            |     0.124 |
|   camera_controller                            |     0.013 |
|     blk_mem_gen_0                              |     0.008 |
|       U0                                       |     0.008 |
|         inst_blk_mem_gen                       |     0.008 |
|           gnbram.gnativebmg.native_blk_mem_gen |     0.008 |
|             valid.cstr                         |     0.008 |
|               bindec_a.bindec_inst_a           |    <0.001 |
|               bindec_b.bindec_inst_b           |    <0.001 |
|               has_mux_b.B                      |    <0.001 |
|               ramloop[0].ram.r                 |    <0.001 |
|                 prim_noinit.ram                |    <0.001 |
|               ramloop[10].ram.r                |    <0.001 |
|                 prim_noinit.ram                |    <0.001 |
|               ramloop[11].ram.r                |    <0.001 |
|                 prim_noinit.ram                |    <0.001 |
|               ramloop[12].ram.r                |    <0.001 |
|                 prim_noinit.ram                |    <0.001 |
|               ramloop[13].ram.r                |    <0.001 |
|                 prim_noinit.ram                |    <0.001 |
|               ramloop[14].ram.r                |    <0.001 |
|                 prim_noinit.ram                |    <0.001 |
|               ramloop[15].ram.r                |    <0.001 |
|                 prim_noinit.ram                |    <0.001 |
|               ramloop[16].ram.r                |    <0.001 |
|                 prim_noinit.ram                |    <0.001 |
|               ramloop[17].ram.r                |    <0.001 |
|                 prim_noinit.ram                |    <0.001 |
|               ramloop[18].ram.r                |    <0.001 |
|                 prim_noinit.ram                |    <0.001 |
|               ramloop[19].ram.r                |    <0.001 |
|                 prim_noinit.ram                |    <0.001 |
|               ramloop[1].ram.r                 |    <0.001 |
|                 prim_noinit.ram                |    <0.001 |
|               ramloop[20].ram.r                |    <0.001 |
|                 prim_noinit.ram                |    <0.001 |
|               ramloop[21].ram.r                |    <0.001 |
|                 prim_noinit.ram                |    <0.001 |
|               ramloop[22].ram.r                |    <0.001 |
|                 prim_noinit.ram                |    <0.001 |
|               ramloop[23].ram.r                |    <0.001 |
|                 prim_noinit.ram                |    <0.001 |
|               ramloop[24].ram.r                |    <0.001 |
|                 prim_noinit.ram                |    <0.001 |
|               ramloop[25].ram.r                |    <0.001 |
|                 prim_noinit.ram                |    <0.001 |
|               ramloop[26].ram.r                |    <0.001 |
|                 prim_noinit.ram                |    <0.001 |
|               ramloop[27].ram.r                |    <0.001 |
|                 prim_noinit.ram                |    <0.001 |
|               ramloop[28].ram.r                |    <0.001 |
|                 prim_noinit.ram                |    <0.001 |
|               ramloop[29].ram.r                |    <0.001 |
|                 prim_noinit.ram                |    <0.001 |
|               ramloop[2].ram.r                 |    <0.001 |
|                 prim_noinit.ram                |    <0.001 |
|               ramloop[30].ram.r                |    <0.001 |
|                 prim_noinit.ram                |    <0.001 |
|               ramloop[3].ram.r                 |    <0.001 |
|                 prim_noinit.ram                |    <0.001 |
|               ramloop[4].ram.r                 |    <0.001 |
|                 prim_noinit.ram                |    <0.001 |
|               ramloop[5].ram.r                 |    <0.001 |
|                 prim_noinit.ram                |    <0.001 |
|               ramloop[6].ram.r                 |    <0.001 |
|                 prim_noinit.ram                |    <0.001 |
|               ramloop[7].ram.r                 |    <0.001 |
|                 prim_noinit.ram                |    <0.001 |
|               ramloop[8].ram.r                 |    <0.001 |
|                 prim_noinit.ram                |    <0.001 |
|               ramloop[9].ram.r                 |    <0.001 |
|                 prim_noinit.ram                |    <0.001 |
|     rgb565_ctrl                                |     0.002 |
|     vga_generator                              |     0.003 |
|   clk_wiz_0                                    |     0.099 |
|     inst                                       |     0.099 |
|   sccb_if                                      |    <0.001 |
|     sccb_rom_inst                              |    <0.001 |
+------------------------------------------------+-----------+


